build/outputs/logs/manifest-merger-debug-report.txt
-- Merging decision tree log ---
manifest
ADDED from AWSRemocon\AwsTizenIoTRemocon\AndroidManifest.xml:2:1-24:12
INJECTED from AWSRemocon\AwsTizenIoTRemocon\AndroidManifest.xml:2:1-24:12
INJECTED from AWSRemocon\AwsTizenIoTRemocon\AndroidManifest.xml:2:1-24:12
INJECTED from AWSRemocon\AwsTizenIoTRemocon\AndroidManifest.xml:2:1-24:12
INJECTED from AWSRemocon\AwsTizenIoTRemocon\AndroidManifest.xml:2:1-24:12
	package
		ADDED from AWSRemocon\AwsTizenIoTRemocon\AndroidManifest.xml:3:5-47
	android:versionName
		ADDED from AWSRemocon\AwsTizenIoTRemocon\AndroidManifest.xml:5:5-30
		INJECTED from AWSRemocon\AwsTizenIoTRemocon\AndroidManifest.xml
		INJECTED from AWSRemocon\AwsTizenIoTRemocon\AndroidManifest.xml
	xmlns:android
		ADDED from AWSRemocon\AwsTizenIoTRemocon\AndroidManifest.xml:2:11-69
	android:versionCode
		ADDED from AWSRemocon\AwsTizenIoTRemocon\AndroidManifest.xml:4:5-28
		INJECTED from AWSRemocon\AwsTizenIoTRemocon\AndroidManifest.xml
		INJECTED from AWSRemocon\AwsTizenIoTRemocon\AndroidManifest.xml
uses-sdk
ADDED from AWSRemocon\AwsTizenIoTRemocon\AndroidManifest.xml:7:5-47
INJECTED from AWSRemocon\AwsTizenIoTRemocon\AndroidManifest.xml:7:5-47
INJECTED from AWSRemocon\AwsTizenIoTRemocon\AndroidManifest.xml:7:5-47
INJECTED from AWSRemocon\AwsTizenIoTRemocon\AndroidManifest.xml:7:5-47
INJECTED from AWSRemocon\AwsTizenIoTRemocon\AndroidManifest.xml:7:5-47
	android:targetSdkVersion
		ADDED from AWSRemocon\AwsTizenIoTRemocon\AndroidManifest.xml:7:15-44
		INJECTED from AWSRemocon\AwsTizenIoTRemocon\AndroidManifest.xml
		INJECTED from AWSRemocon\AwsTizenIoTRemocon\AndroidManifest.xml
	android:minSdkVersion
		INJECTED from AWSRemocon\AwsTizenIoTRemocon\AndroidManifest.xml
		ADDED from AWSRemocon\AwsTizenIoTRemocon\AndroidManifest.xml:7:5-47
		INJECTED from AWSRemocon\AwsTizenIoTRemocon\AndroidManifest.xml
uses-permission#android.permission.INTERNET
ADDED from AWSRemocon\AwsTizenIoTRemocon\AndroidManifest.xml:9:5-67
	android:name
		ADDED from AWSRemocon\AwsTizenIoTRemocon\AndroidManifest.xml:9:22-64
application
ADDED from AWSRemocon\AwsTizenIoTRemocon\AndroidManifest.xml:11:5-22:19
	android:label
		ADDED from AWSRemocon\AwsTizenIoTRemocon\AndroidManifest.xml:14:9-41
	android:icon
		ADDED from AWSRemocon\AwsTizenIoTRemocon\AndroidManifest.xml:13:9-45
	android:allowBackup
		ADDED from AWSRemocon\AwsTizenIoTRemocon\AndroidManifest.xml:12:9-35
activity#com.amazonaws.demo.androidpubsub.PubSubActivity
ADDED from AWSRemocon\AwsTizenIoTRemocon\AndroidManifest.xml:15:9-21:20
	android:name
		ADDED from AWSRemocon\AwsTizenIoTRemocon\AndroidManifest.xml:15:19-81
intent-filter#action:name:android.intent.action.MAIN+category:name:android.intent.category.LAUNCHER
ADDED from AWSRemocon\AwsTizenIoTRemocon\AndroidManifest.xml:16:13-20:29
action#android.intent.action.MAIN
ADDED from AWSRemocon\AwsTizenIoTRemocon\AndroidManifest.xml:17:17-69
	android:name
		ADDED from AWSRemocon\AwsTizenIoTRemocon\AndroidManifest.xml:17:25-66
category#android.intent.category.LAUNCHER
ADDED from AWSRemocon\AwsTizenIoTRemocon\AndroidManifest.xml:19:17-77
	android:name
		ADDED from AWSRemocon\AwsTizenIoTRemocon\AndroidManifest.xml:19:27-74